[0.036s] Invoking command in '/home/avees/RTCSA_2024/src/merger/build/monitor': CMAKE_PREFIX_PATH=${CMAKE_PREFIX_PATH}:/opt/ros/foxy /usr/bin/cmake /home/avees/RTCSA_2024/src/merger -DCMAKE_INSTALL_PREFIX=/home/avees/RTCSA_2024/src/merger/install/monitor
[0.417s] -- The C compiler identification is GNU 9.4.0
[0.605s] -- The CXX compiler identification is GNU 9.4.0
[0.614s] -- Check for working C compiler: /usr/bin/cc
[0.863s] -- Check for working C compiler: /usr/bin/cc -- works
[0.865s] -- Detecting C compiler ABI info
[1.095s] -- Detecting C compiler ABI info - done
[1.127s] -- Detecting C compile features
[1.128s] -- Detecting C compile features - done
[1.134s] -- Check for working CXX compiler: /usr/bin/c++
[1.370s] -- Check for working CXX compiler: /usr/bin/c++ -- works
[1.373s] -- Detecting CXX compiler ABI info
[1.616s] -- Detecting CXX compiler ABI info - done
[1.637s] -- Detecting CXX compile features
[1.637s] -- Detecting CXX compile features - done
[1.651s] -- Found OpenCV: /usr (found version "4.5.4") 
[1.794s] -- Found ament_cmake: 0.9.12 (/opt/ros/foxy/share/ament_cmake/cmake)
[1.863s] -- Found PythonInterp: /usr/bin/python3 (found suitable version "3.8.10", minimum required is "3") 
[1.864s] -- Using PYTHON_EXECUTABLE: /usr/bin/python3
[2.595s] -- Found rclcpp: 2.4.3 (/opt/ros/foxy/share/rclcpp/cmake)
[2.683s] -- Using all available rosidl_typesupport_c: rosidl_typesupport_fastrtps_c;rosidl_typesupport_introspection_c
[2.696s] -- Found rosidl_adapter: 1.3.1 (/opt/ros/foxy/share/rosidl_adapter/cmake)
[3.163s] -- Found OpenSSL: /usr/lib/aarch64-linux-gnu/libcrypto.so (found version "1.1.1f")  
[3.223s] -- Found FastRTPS: /opt/ros/foxy/include  
[3.553s] -- Using all available rosidl_typesupport_cpp: rosidl_typesupport_fastrtps_cpp;rosidl_typesupport_introspection_cpp
[3.669s] -- Found rmw_implementation_cmake: 1.0.4 (/opt/ros/foxy/share/rmw_implementation_cmake/cmake)
[3.672s] -- Using RMW implementation 'rmw_fastrtps_cpp' as default
[3.674s] -- Looking for pthread.h
[3.927s] -- Looking for pthread.h - found
[3.927s] -- Performing Test CMAKE_HAVE_LIBC_PTHREAD
[4.323s] -- Performing Test CMAKE_HAVE_LIBC_PTHREAD - Failed
[4.323s] -- Looking for pthread_create in pthreads
[4.696s] -- Looking for pthread_create in pthreads - not found
[4.697s] -- Looking for pthread_create in pthread
[4.973s] -- Looking for pthread_create in pthread - found
[4.976s] -- Found Threads: TRUE  
[5.271s] -- Found sensor_msgs: 2.0.5 (/opt/ros/foxy/share/sensor_msgs/cmake)
[5.485s] -- Found vision_msgs: 2.0.0 (/opt/ros/foxy/share/vision_msgs/cmake)
[5.712s] -- Found cv_bridge: 3.0.7 (/opt/ros/foxy/share/cv_bridge/cmake)
[5.756s] -- Found ament_lint_auto: 0.9.8 (/opt/ros/foxy/share/ament_lint_auto/cmake)
[5.950s] -- Added test 'copyright' to check source files copyright and LICENSE
[5.991s] -- Added test 'cppcheck' to perform static code analysis on C / C++ code
[5.992s] -- Configured cppcheck include dirs: /home/avees/RTCSA_2024/src/merger/include
[5.992s] -- Configured cppcheck exclude dirs and/or files: 
[6.034s] -- Added test 'cpplint' to check C / C++ code against the Google style
[6.034s] -- Configured cpplint exclude dirs and/or files: 
[6.051s] -- Added test 'lint_cmake' to check CMake code style
[6.093s] -- Added test 'uncrustify' to check C / C++ code style
[6.094s] -- Configured uncrustify additional arguments: 
[6.100s] -- Added test 'xmllint' to check XML markup files
[6.110s] -- Configuring done
[6.155s] -- Generating done
[6.159s] -- Build files have been written to: /home/avees/RTCSA_2024/src/merger/build/monitor
[6.220s] Invoked command in '/home/avees/RTCSA_2024/src/merger/build/monitor' returned '0': CMAKE_PREFIX_PATH=${CMAKE_PREFIX_PATH}:/opt/ros/foxy /usr/bin/cmake /home/avees/RTCSA_2024/src/merger -DCMAKE_INSTALL_PREFIX=/home/avees/RTCSA_2024/src/merger/install/monitor
[6.239s] Invoking command in '/home/avees/RTCSA_2024/src/merger/build/monitor': CMAKE_PREFIX_PATH=${CMAKE_PREFIX_PATH}:/opt/ros/foxy /usr/bin/cmake --build /home/avees/RTCSA_2024/src/merger/build/monitor -- -j6 -l6
[6.387s] [35m[1mScanning dependencies of target demo_library[0m
[6.509s] [ 25%] [32mBuilding CXX object CMakeFiles/demo_library.dir/src/demo.cpp.o[0m
[13.979s] [01m[K/home/avees/RTCSA_2024/src/merger/src/demo.cpp:[m[K In member function â€˜[01m[Kvoid MonitorDemo::detections_receive(vision_msgs::msg::Detection2DArray_<std::allocator<void> >::SharedPtr)[m[Kâ€™:
[13.979s] [01m[K/home/avees/RTCSA_2024/src/merger/src/demo.cpp:89:37:[m[K [01;31m[Kerror: [m[Kâ€˜[01m[K__gnu_cxx::__alloc_traits<std::allocator<std::shared_ptr<vision_msgs::msg::Detection2DArray_<std::allocator<void> > > >, std::shared_ptr<vision_msgs::msg::Detection2DArray_<std::allocator<void> > > >::value_type[m[Kâ€™ {aka â€˜[01m[Kclass std::shared_ptr<vision_msgs::msg::Detection2DArray_<std::allocator<void> > >[m[Kâ€™} has no member named â€˜[01m[Ksize[m[Kâ€™
[13.980s]    89 |  endl << detection_list[0].[01;31m[Ksize[m[K() << endl;
[13.980s]       |                            [01;31m[K^~~~[m[K
[13.980s] 
[22.340s] make[2]: *** [CMakeFiles/demo_library.dir/build.make:63: CMakeFiles/demo_library.dir/src/demo.cpp.o] Error 1
[22.340s] make[1]: *** [CMakeFiles/Makefile2:80: CMakeFiles/demo_library.dir/all] Error 2
[22.341s] make: *** [Makefile:141: all] Error 2
[22.350s] Invoked command in '/home/avees/RTCSA_2024/src/merger/build/monitor' returned '2': CMAKE_PREFIX_PATH=${CMAKE_PREFIX_PATH}:/opt/ros/foxy /usr/bin/cmake --build /home/avees/RTCSA_2024/src/merger/build/monitor -- -j6 -l6
