[0.031s] Invoking command in '/home/avees/RTCSA_2024/src/merger/build/monitor': CMAKE_PREFIX_PATH=${CMAKE_PREFIX_PATH}:/opt/ros/foxy /usr/bin/cmake --build /home/avees/RTCSA_2024/src/merger/build/monitor -- -j6 -l6
[0.131s] [35m[1mScanning dependencies of target demo_library[0m
[0.196s] [ 25%] [32mBuilding CXX object CMakeFiles/demo_library.dir/src/demo.cpp.o[0m
[6.716s] [01m[K/home/avees/RTCSA_2024/src/merger/src/demo.cpp:[m[K In member function â€˜[01m[Kvoid MonitorDemo::image_callback(sensor_msgs::msg::Image_<std::allocator<void> >::SharedPtr)[m[Kâ€™:
[6.717s] [01m[K/home/avees/RTCSA_2024/src/merger/src/demo.cpp:44:75:[m[K [01;35m[Kwarning: [m[Kunused parameter â€˜[01m[Kimage[m[Kâ€™ [[01;35m[K-Wunused-parameter[m[K]
[6.717s]    44 | void MonitorDemo::image_callback([01;35m[Kconst sensor_msgs::msg::Image::SharedPtr image[m[K)
[6.717s]       |                                  [01;35m[K~~~~~~~~~~~~~~~~~~~~~~~~~~~~~~~~~~~~~~~~~^~~~~[m[K
[6.718s] [01m[K/home/avees/RTCSA_2024/src/merger/src/demo.cpp:[m[K In member function â€˜[01m[Kuint64_t MonitorDemo::get_time_in_ms()[m[Kâ€™:
[6.718s] [01m[K/home/avees/RTCSA_2024/src/merger/src/demo.cpp:75:27:[m[K [01;31m[Kerror: [m[Kcannot convert â€˜[01m[Krclcpp::Time::nanoseconds[m[Kâ€™ from type â€˜[01m[Krcl_time_point_value_t (rclcpp::Time::)() const[m[Kâ€™ {aka â€˜[01m[Klong int (rclcpp::Time::)() const[m[Kâ€™} to type â€˜[01m[Kuint64_t[m[Kâ€™ {aka â€˜[01m[Klong unsigned int[m[Kâ€™}
[6.718s]    75 |   uint64_t nanosecond=now.[01;31m[Knanoseconds[m[K;
[6.718s]       |                           [01;31m[K^~~~~~~~~~~[m[K
[6.768s] [01m[K/home/avees/RTCSA_2024/src/merger/src/demo.cpp:[m[K In member function â€˜[01m[Kvoid MonitorDemo::detections_receive(vision_msgs::msg::Detection2DArray_<std::allocator<void> >::SharedPtr)[m[Kâ€™:
[6.768s] [01m[K/home/avees/RTCSA_2024/src/merger/src/demo.cpp:170:15:[m[K [01;31m[Kerror: [m[Kâ€˜[01m[Keth_end[m[Kâ€™ was not declared in this scope
[6.768s]   170 |       file << [01;31m[Keth_end[m[K[i] << "\t" << start_clustering[i] <<"\t"<< e_clustering[i] << "\t"<< end_clustering[i] << "\t" << start_draw[i] <<"\t"<< e_draw[i] << "\t"<< end_draw[i] << "\t"<< start_display[i] <<"\t"<< e_display[i] << "\t"<< end_display[i] << "\n";}
[6.769s]       |               [01;31m[K^~~~~~~[m[K
[6.791s] [01m[K/home/avees/RTCSA_2024/src/merger/src/demo.cpp:[m[K In member function â€˜[01m[Kvoid MonitorDemo::simpleDBSCAN(std::vector<BoundingBox>, double, int)[m[Kâ€™:
[6.791s] [01m[K/home/avees/RTCSA_2024/src/merger/src/demo.cpp:240:30:[m[K [01;35m[Kwarning: [m[Kcomparison of integer expressions of different signedness: â€˜[01m[Kstd::vector<long unsigned int>::size_type[m[Kâ€™ {aka â€˜[01m[Klong unsigned int[m[Kâ€™} and â€˜[01m[Kint[m[Kâ€™ [[01;35m[K-Wsign-compare[m[K]
[6.792s]   240 |         if ([01;35m[Kneighbors.size() < minPts[m[K) continue;
[6.792s]       |             [01;35m[K~~~~~~~~~~~~~~~~~^~~~~~~~[m[K
[15.551s] make[2]: *** [CMakeFiles/demo_library.dir/build.make:63: CMakeFiles/demo_library.dir/src/demo.cpp.o] Error 1
[15.552s] make[1]: *** [CMakeFiles/Makefile2:80: CMakeFiles/demo_library.dir/all] Error 2
[15.553s] make: *** [Makefile:141: all] Error 2
[15.561s] Invoked command in '/home/avees/RTCSA_2024/src/merger/build/monitor' returned '2': CMAKE_PREFIX_PATH=${CMAKE_PREFIX_PATH}:/opt/ros/foxy /usr/bin/cmake --build /home/avees/RTCSA_2024/src/merger/build/monitor -- -j6 -l6
