[0.039s] Invoking command in '/home/avees/RTCSA_2024/src/merger/build/monitor': CMAKE_PREFIX_PATH=${CMAKE_PREFIX_PATH}:/opt/ros/foxy /usr/bin/cmake --build /home/avees/RTCSA_2024/src/merger/build/monitor -- -j6 -l6
[0.149s] [35m[1mScanning dependencies of target demo_library[0m
[0.218s] [ 25%] [32mBuilding CXX object CMakeFiles/demo_library.dir/src/demo.cpp.o[0m
[6.462s] [01m[K/home/avees/RTCSA_2024/src/merger/src/demo.cpp:[m[K In member function â€˜[01m[Kvoid MonitorDemo::detections_receive(vision_msgs::msg::Detection2DArray_<std::allocator<void> >::SharedPtr)[m[Kâ€™:
[6.462s] [01m[K/home/avees/RTCSA_2024/src/merger/src/demo.cpp:88:30:[m[K [01;31m[Kerror: [m[Kâ€˜[01m[Kclass MonitorDemo[m[Kâ€™ has no member named â€˜[01m[Kdetection_list[m[Kâ€™
[6.463s]    88 | raw_image(cv_image, this->[01;31m[Kdetection_list[m[K);
[6.463s]       |                           [01;31m[K^~~~~~~~~~~~~~[m[K
[6.463s] 
[14.804s] make[2]: *** [CMakeFiles/demo_library.dir/build.make:63: CMakeFiles/demo_library.dir/src/demo.cpp.o] Error 1
[14.805s] make[1]: *** [CMakeFiles/Makefile2:80: CMakeFiles/demo_library.dir/all] Error 2
[14.806s] make: *** [Makefile:141: all] Error 2
[14.819s] Invoked command in '/home/avees/RTCSA_2024/src/merger/build/monitor' returned '2': CMAKE_PREFIX_PATH=${CMAKE_PREFIX_PATH}:/opt/ros/foxy /usr/bin/cmake --build /home/avees/RTCSA_2024/src/merger/build/monitor -- -j6 -l6
